\BOOKMARK [0][-]{Doc-Start}{\376\377\122\115\000\040\000\040\000\040\212\000}{}% 1
\BOOKMARK [0][-]{Doc-Start}{\376\377\000A\000b\000s\000t\000r\000a\000c\000t}{}% 2
\BOOKMARK [0][-]{chapter.1}{\376\377\122\115\212\000}{}% 3
\BOOKMARK [1][-]{section.1.1}{\376\377\170\024\172\166\122\325\152\137}{chapter.1}% 4
\BOOKMARK [1][-]{section.1.2}{\376\377\170\024\172\166\166\356\166\204\202\007\145\271\154\325}{chapter.1}% 5
\BOOKMARK [1][-]{section.1.3}{\376\377\147\052\117\206\134\125\147\033}{chapter.1}% 6
\BOOKMARK [1][-]{section.1.4}{\376\377\211\217\122\107\212\252\146\016}{chapter.1}% 7
\BOOKMARK [0][-]{chapter.2}{\376\377\152\137\126\150\133\170\177\322}{}% 8
\BOOKMARK [1][-]{section.2.1}{\376\377\230\136\171\136\175\223\175\262\175\141}{chapter.2}% 9
\BOOKMARK [2][-]{subsection.2.1.1}{\376\377\125\137\122\325\121\375\145\170}{section.2.1}% 10
\BOOKMARK [2][-]{subsection.2.1.2}{\376\377\144\015\131\061\121\375\145\170}{section.2.1}% 11
\BOOKMARK [2][-]{subsection.2.1.3}{\376\377\121\052\123\026\173\227\154\325}{section.2.1}% 12
\BOOKMARK [1][-]{section.2.2}{\376\377\137\067\123\026\133\170\177\322}{chapter.2}% 13
\BOOKMARK [2][-]{subsection.2.2.1}{\376\377\231\254\123\357\131\053\154\172\173\126}{section.2.2}% 14
\BOOKMARK [1][-]{section.2.3}{\376\377\000P\000o\000l\000i\000c\000y\000\040\000G\000r\000a\000d\000i\000e\000n\000t\164\006\212\326}{chapter.2}% 15
\BOOKMARK [2][-]{subsection.2.3.1}{\376\377\000A\000c\000t\000o\000r\000\040\000C\000r\000i\000t\000i\000c}{section.2.3}% 16
\BOOKMARK [0][-]{chapter.3}{\376\377\212\023\175\364\164\260\130\203}{}% 17
\BOOKMARK [1][-]{section.3.1}{\376\377\000O\000p\000e\000n\000A\000I\000\040\000G\000y\000m}{chapter.3}% 18
\BOOKMARK [1][-]{section.3.2}{\376\377\000P\000o\000n\000g}{chapter.3}% 19
\BOOKMARK [0][-]{chapter.4}{\376\377\152\041\144\354\164\260\130\203}{}% 20
\BOOKMARK [1][-]{section.4.1}{\376\377\152\041\144\354\152\041\127\213}{chapter.4}% 21
\BOOKMARK [1][-]{section.4.2}{\376\377\000C\000o\000p\000p\000e\000l\000i\000a\000S\000i\000m\152\041\144\354}{chapter.4}% 22
\BOOKMARK [2][-]{subsection.4.2.1}{\376\377\117\177\165\050\123\237\126\340}{section.4.2}% 23
\BOOKMARK [2][-]{subsection.4.2.2}{\376\377\000R\000e\000m\000o\000t\000e\000A\000P\000I}{section.4.2}% 24
\BOOKMARK [2][-]{subsection.4.2.3}{\376\377\136\070\165\050\122\237\200\375}{section.4.2}% 25
\BOOKMARK [1][-]{section.4.3}{\376\377\137\161\120\317\206\125\164\006}{chapter.4}% 26
\BOOKMARK [2][-]{subsection.4.3.1}{\376\377\000C\000o\000p\000p\000e\000l\000i\000a\000S\000i\000m\116\055\166\204\000V\000i\000s\000i\000o\000n\000\040\000s\000e\000n\000s\000o\000r\000\050\211\226\211\272\120\263\141\037\126\150\000\051}{section.4.3}% 27
\BOOKMARK [2][-]{subsection.4.3.2}{\376\377\137\161\120\317\217\250\213\130}{section.4.3}% 28
\BOOKMARK [0][-]{chapter.5}{\376\377\117\072\147\015\126\150}{}% 29
\BOOKMARK [1][-]{section.5.1}{\376\377\000U\000b\000u\000n\000t\000u\000\040\164\260\130\203\221\115\177\156}{chapter.5}% 30
\BOOKMARK [1][-]{section.5.2}{\376\377\000O\000r\000a\000c\000l\000e\000\040\000V\000M\000\040\000V\000i\000r\000t\000u\000a\000l\000B\000o\000x\000\040\116\313\175\071}{chapter.5}% 31
\BOOKMARK [1][-]{section.5.3}{\376\377\000W\000e\000b\000\040\000s\000e\000r\000v\000e\000r}{chapter.5}% 32
\BOOKMARK [1][-]{section.5.4}{\376\377\000N\000g\000i\000n\000x}{chapter.5}% 33
\BOOKMARK [1][-]{section.5.5}{\376\377\000F\000l\000a\000s\000k}{chapter.5}% 34
\BOOKMARK [0][-]{chapter.6}{\376\377\152\137\126\150\133\170\177\322\166\204\212\023\175\364\202\007\152\041\144\354\143\247\122\066\175\120\147\234}{}% 35
\BOOKMARK [1][-]{section.6.1}{\376\377\212\023\175\364\152\041\127\213\166\204\127\372\171\016\151\202\137\365}{chapter.6}% 36
\BOOKMARK [1][-]{section.6.2}{\376\377\212\023\175\364\152\041\127\213\166\204\220\170\165\050}{chapter.6}% 37
\BOOKMARK [1][-]{section.6.3}{\376\377\212\023\175\364\172\013\137\017\166\204\220\113\117\134}{chapter.6}% 38
\BOOKMARK [1][-]{section.6.4}{\376\377\212\023\175\364\173\227\154\325\202\007\123\303\145\170\153\324\217\003}{chapter.6}% 39
\BOOKMARK [1][-]{section.6.5}{\376\377\000C\000o\000p\000p\000e\000l\000i\000a\000S\000i\000m\000\040\000R\000e\000m\000o\000t\000e\000A\000P\000I}{chapter.6}% 40
\BOOKMARK [2][-]{subsection.6.5.1}{\376\377\000R\000e\000m\000o\000t\000e\000\040\000A\000P\000I\152\041\175\104\123\312\122\325\141\113\220\043\175\120\121\375\171\072\136\253}{section.6.5}% 41
\BOOKMARK [2][-]{subsection.6.5.2}{\376\377\000R\000e\000m\000o\000t\000e\000\040\000A\000P\000I\127\340\117\177\165\050}{section.6.5}% 42
\BOOKMARK [1][-]{section.6.6}{\376\377\000O\000p\000e\000n\000\040\000A\000I\000\040\000G\000y\000m\201\352\133\232\177\251\164\260\130\203}{chapter.6}% 43
\BOOKMARK [1][-]{section.6.7}{\376\377\176\075\175\120}{chapter.6}% 44
\BOOKMARK [0][-]{chapter.7}{\376\377\147\052\117\206\170\024\172\166\136\372\213\160}{}% 45
\BOOKMARK [0][-]{chapter.8}{\376\377\125\117\230\114\202\007\212\016\212\326}{}% 46
\BOOKMARK [0][-]{lstnumber.8.1.8}{\376\377\123\303\200\003\145\207\163\173}{}% 47
\BOOKMARK [0][-]{chapter*.4}{\376\377\226\104\223\004}{}% 48
\BOOKMARK [0][-]{figure.Alph0.10}{\376\377\117\134\200\005\174\041\116\313}{}% 49
